=== START 2026-05-30T05:31:42 ===


get_data:   0%|          | 0/1 [00:00<?, ?it/s]
get_data: 100%|██████████| 1/1 [00:00<00:00,  6.60it/s]get_data: 100%|██████████| 1/1 [00:00<00:00,  6.59it/s]
INFO:2026-05-30 05:31:55,399:jax._src.xla_bridge:812: Unable to initialize 
backend 'tpu': INTERNAL: Failed to open libtpu.so: libtpu.so: cannot open shared
object file: No such file or directory
I0530 05:31:55.399090 140287874896192 xla_bridge.py:812] Unable to initialize 
backend 'tpu': INTERNAL: Failed to open libtpu.so: libtpu.so: cannot open shared
object file: No such file or directory
W0530 05:31:55.555415 1244295 cuda_executor.cc:1802] GPU interconnect 
information not available: INTERNAL: NVML doesn't support extracting fabric info
or NVLink is not used by the device.
W0530 05:31:55.566034 1244215 cuda_executor.cc:1802] GPU interconnect 
information not available: INTERNAL: NVML doesn't support extracting fabric info
or NVLink is not used by the device.
I0530 05:32:07.189835 140287874896192 pipeline.py:177] processing hu225_input, 
random_seed=1
I0530 05:32:07.781087 140287874896192 pipeline.py:270] Calculating bucket size 
for input with 405 tokens.
I0530 05:32:07.781399 140287874896192 pipeline.py:276] Got bucket size 512 for 
input with 405 tokens, resulting in 107 padded tokens.
I0530 05:32:13.548854 140287874896192 cache.py:95] Autotuning cache file not 
found: 
/opt/af3-env/lib/python3.12/site-packages/tokamax/data/autotuning/nvidia_rtx_a40
00/pallas_triton_gated_linear_unit.json
I0530 05:32:13.804938 140287874896192 cache.py:95] Autotuning cache file not 
found: 
/opt/af3-env/lib/python3.12/site-packages/tokamax/data/autotuning/nvidia_rtx_a40
00/pallas_triton_flash_attention.json
/opt/af3-env/lib/python3.12/site-packages/alphafold3/model/network/featurization
.py:104: UserWarning: Explicitly requested dtype int64 requested in 
broadcasted_iota is not available, and will be truncated to dtype int32. To 
enable more dtypes, set the jax_enable_x64 configuration option or the 
JAX_ENABLE_X64 shell environment variable. See 
https://github.com/jax-ml/jax#current-gotchas for more.
  iota = jax.lax.broadcasted_iota(jnp.int64, logits.shape, axis)
Running AlphaFold 3. Please note that standard AlphaFold 3 model parameters are
only available under terms of use provided at
https://github.com/google-deepmind/alphafold3/blob/main/WEIGHTS_TERMS_OF_USE.md.
If you do not agree to these terms and are using AlphaFold 3 derived model
parameters, cancel execution of AlphaFold 3 inference with CTRL-C, and do not
use the model parameters.
Skipping running the data pipeline.
Found local devices: [CudaDevice(id=0)]
Building model from scratch...
Processing fold inputs.
Processing fold input #1
Processing fold input hu225_input
Checking we can load the model parameters...
Skipping data pipeline...
Output directory: 
/mnt/home/olnagl/pipelines/t3_capsids/data/results/af3/hu225/_run/af3/chunk_0/ou
tputs/hu225_input
Writing model input JSON to 
/mnt/home/olnagl/pipelines/t3_capsids/data/results/af3/hu225/_run/af3/chunk_0/ou
tputs/hu225_input
Predicting 3D structure for hu225_input for seed(s) (1,)...
Featurising data for seeds (1,)...
Featurising data with seed 1.
Featurising data with seed 1 took 6.16 seconds.
Featurising data for seeds (1,) took  12.47 seconds.
Running model inference for seed 1...
Running model inference for seed 1 took  75.30 seconds.
Extracting output structures (one per sample) for seed 1...
Extracting output structures (one per sample) for seed 1 took  0.91 seconds.
Running model inference and extracting output structures for seed 1 took 76.21 
seconds.
Running model inference and extracting output structures for seeds (1,) took 
76.21 seconds.
Writing outputs for hu225_input for seed(s) (1,)...
Done processing fold input hu225_input.
Done processing 1 fold inputs (0 skipped).

=== END 2026-05-30T05:33:35 | elapsed: 112.8s ===
